[0;34m
â•”â•â•â•â•â•â•â•â•â•â•â•â•â•â•â•â•â•â•â•â•â•â•â•â•â•â•â•â•â•â•â•â•â•â•â•â•â•â•â•â•â•â•â•â•â•â•â•â•â•â•â•â•â•â•â•â•â•â•â•â•â•â•â•â•—
â•‘  Multi-Coalition Blockchain Mining Simulation                â•‘
â•‘  Sequential Execution Script                                  â•‘
â•šâ•â•â•â•â•â•â•â•â•â•â•â•â•â•â•â•â•â•â•â•â•â•â•â•â•â•â•â•â•â•â•â•â•â•â•â•â•â•â•â•â•â•â•â•â•â•â•â•â•â•â•â•â•â•â•â•â•â•â•â•â•â•â•â•
[0m
[1;33mConfiguration:[0m
  - Quick mode: true
  - Number of runs: 5
  - Baseline only: false
  - Enhanced only: false
  - Skip visualization: false

[0;34mStep 1: Validating environment...[0m
Activating virtual environment...
Checking dependencies...
[0;32mâœ“ All dependencies installed[0m
Creating output directories...
[0;32mâœ“ Output directories created[0m

[0;34mStep 2: Running scenarios for comparison graph (Quick Mode)...[0m
[1;33m[2.1] Running Non-Cooperative...[0m
2025-12-02 21:32:06,805 - __main__ - INFO - ======================================================================
2025-12-02 21:32:06,805 - __main__ - INFO - Multi-Coalition Blockchain Mining Simulator
2025-12-02 21:32:06,805 - __main__ - INFO - ======================================================================
2025-12-02 21:32:06,805 - __main__ - INFO - Running scenario: non_cooperative (5 runs)
2025-12-02 21:32:06,819 - simulation.engine - INFO - Initialized simulation engine for scenario: Non-Cooperative
2025-12-02 21:32:06,819 - simulation.engine - INFO - Starting simulation: 5 runs
Running Non-Cooperative:   0%|          | 0/5 [00:00<?, ?it/s]2025-12-02 21:32:06,863 - simulation.engine - INFO - Simulation initialized successfully
2025-12-02 21:32:06,877 - simulation.engine - INFO -     - [Time: 6.00s] Block 1 found by Coalition 16! Reward: 1996.47, Txs: 10
2025-12-02 21:32:06,878 - simulation.engine - INFO -     - [Time: 7.00s] Block 2 found by Coalition 13! Reward: 1989.47, Txs: 10
2025-12-02 21:32:06,880 - simulation.engine - INFO -     - [Time: 8.00s] Block 3 found by Coalition 10! Reward: 1983.59, Txs: 10
2025-12-02 21:32:06,885 - simulation.engine - INFO -     - [Time: 11.00s] Block 4 found by Coalition 2! Reward: 1977.65, Txs: 10
2025-12-02 21:32:06,895 - simulation.engine - INFO -     - [Time: 18.00s] Block 5 found by Coalition 10! Reward: 1966.48, Txs: 10
2025-12-02 21:32:06,898 - simulation.engine - INFO -     - [Time: 20.00s] Block 6 found by Coalition 9! Reward: 1954.47, Txs: 10
2025-12-02 21:32:06,899 - simulation.engine - INFO -     - [Time: 21.00s] Block 7 found by Coalition 12! Reward: 1947.01, Txs: 10
2025-12-02 21:32:06,912 - simulation.engine - INFO -     - [Time: 30.00s] Block 8 found by Coalition 18! Reward: 1936.98, Txs: 10
2025-12-02 21:32:06,913 - simulation.engine - INFO -     - [Time: 31.00s] Block 9 found by Coalition 17! Reward: 1931.14, Txs: 10
2025-12-02 21:32:06,916 - simulation.engine - INFO -     - [Time: 33.00s] Block 10 found by Coalition 5! Reward: 1922.64, Txs: 10
2025-12-02 21:32:06,917 - simulation.engine - INFO -     - [Time: 34.00s] Block 11 found by Coalition 15! Reward: 1912.61, Txs: 10
2025-12-02 21:32:06,920 - simulation.engine - INFO -     - [Time: 36.00s] Block 12 found by Coalition 19! Reward: 1901.69, Txs: 10
2025-12-02 21:32:06,921 - simulation.engine - INFO -     - [Time: 37.00s] Block 13 found by Coalition 7! Reward: 1892.15, Txs: 10
2025-12-02 21:32:06,923 - simulation.engine - INFO -     - [Time: 38.00s] Block 14 found by Coalition 15! Reward: 1885.23, Txs: 10
2025-12-02 21:32:06,924 - simulation.engine - INFO -     - [Time: 39.00s] Block 15 found by Coalition 7! Reward: 1878.19, Txs: 10
2025-12-02 21:32:06,926 - simulation.engine - INFO -     - [Time: 40.00s] Block 16 found by Coalition 10! Reward: 1867.48, Txs: 10
2025-12-02 21:32:06,929 - simulation.engine - INFO -     - [Time: 43.00s] Block 17 found by Coalition 16! Reward: 1859.95, Txs: 10
Running Non-Cooperative:   0%|          | 0/5 [00:00<?, ?it/s]
2025-12-02 21:32:06,950 - __main__ - ERROR - An unexpected error occurred: 'Miner' object has no attribute 'transaction_pool'
Traceback (most recent call last):
  File "/Users/kaushalchaudhari/Desktop/web3/projects/Gametheory/Blocksimulation/main.py", line 336, in main
    run_scenario(args.scenario, args.runs, args.output)
  File "/Users/kaushalchaudhari/Desktop/web3/projects/Gametheory/Blocksimulation/main.py", line 59, in run_scenario
    results = engine.run(num_runs=runs)
              ^^^^^^^^^^^^^^^^^^^^^^^^^
  File "/Users/kaushalchaudhari/Desktop/web3/projects/Gametheory/Blocksimulation/simulation/engine.py", line 174, in run
    result = self.single_run()
             ^^^^^^^^^^^^^^^^^
  File "/Users/kaushalchaudhari/Desktop/web3/projects/Gametheory/Blocksimulation/simulation/engine.py", line 210, in single_run
    self.record_metrics(t)
  File "/Users/kaushalchaudhari/Desktop/web3/projects/Gametheory/Blocksimulation/simulation/engine.py", line 458, in record_metrics
    bandwidth = self.calculate_bandwidth()
                ^^^^^^^^^^^^^^^^^^^^^^^^^^
  File "/Users/kaushalchaudhari/Desktop/web3/projects/Gametheory/Blocksimulation/simulation/engine.py", line 498, in calculate_bandwidth
    num_transactions = len(miner.transaction_pool)
                           ^^^^^^^^^^^^^^^^^^^^^^
AttributeError: 'Miner' object has no attribute 'transaction_pool'. Did you mean: 'transactions'?
